<?xml version="1.0" encoding="UTF-8"?>
<coverage generated="1582316756559" clover="3.2.0">
  <project timestamp="1582316756560" name="All files">
    <metrics statements="5" coveredstatements="4" conditionals="0" coveredconditionals="0" methods="2" coveredmethods="1" elements="7" coveredelements="5" complexity="0" loc="5" ncloc="5" packages="2" files="2" classes="2"/>
    <package name="assets.images">
      <metrics statements="1" coveredstatements="1" conditionals="0" coveredconditionals="0" methods="0" coveredmethods="0"/>
      <file name="completed-task.png" path="/Users/garrettiannuzzi/tweet_311_denver_ui/assets/images/completed-task.png">
        <metrics statements="1" coveredstatements="1" conditionals="0" coveredconditionals="0" methods="0" coveredmethods="0"/>
        <line num="1" count="1" type="stmt"/>
      </file>
    </package>
    <package name="src.components.Success">
      <metrics statements="4" coveredstatements="3" conditionals="0" coveredconditionals="0" methods="2" coveredmethods="1"/>
      <file name="Success.js" path="/Users/garrettiannuzzi/tweet_311_denver_ui/src/components/Success/Success.js">
        <metrics statements="4" coveredstatements="3" conditionals="0" coveredconditionals="0" methods="2" coveredmethods="1"/>
        <line num="4" count="1" type="stmt"/>
        <line num="6" count="1" type="stmt"/>
        <line num="12" count="0" type="stmt"/>
        <line num="19" count="1" type="stmt"/>
      </file>
    </package>
  </project>
</coverage>
