{"/Users/garrettiannuzzi/tweet_311_denver_ui/assets/images/completed-task.png": {"path":"/Users/garrettiannuzzi/tweet_311_denver_ui/assets/images/completed-task.png","statementMap":{"0":{"start":{"line":1,"column":0},"end":{"line":1,"column":19}}},"fnMap":{},"branchMap":{},"s":{"0":1},"f":{},"b":{},"_coverageSchema":"43e27e138ebf9cfc5966b082cf9a028302ed4184","hash":"2830c55a2e9f308b96c02b3b189760aeda766129"}
,"/Users/garrettiannuzzi/tweet_311_denver_ui/assets/images/confirm.png": {"path":"/Users/garrettiannuzzi/tweet_311_denver_ui/assets/images/confirm.png","statementMap":{"0":{"start":{"line":1,"column":0},"end":{"line":1,"column":19}}},"fnMap":{},"branchMap":{},"s":{"0":1},"f":{},"b":{},"_coverageSchema":"43e27e138ebf9cfc5966b082cf9a028302ed4184","hash":"599df29f20adf03572a4925f7653180f90e73699"}
,"/Users/garrettiannuzzi/tweet_311_denver_ui/assets/images/confirmTrue.png": {"path":"/Users/garrettiannuzzi/tweet_311_denver_ui/assets/images/confirmTrue.png","statementMap":{"0":{"start":{"line":1,"column":0},"end":{"line":1,"column":19}}},"fnMap":{},"branchMap":{},"s":{"0":1},"f":{},"b":{},"_coverageSchema":"43e27e138ebf9cfc5966b082cf9a028302ed4184","hash":"0360f12647d96863922fce7cdc13e540cfdcdee3"}
,"/Users/garrettiannuzzi/tweet_311_denver_ui/src/components/Form/Form.js": {"path":"/Users/garrettiannuzzi/tweet_311_denver_ui/src/components/Form/Form.js","statementMap":{"0":{"start":{"line":10,"column":4},"end":{"line":10,"column":17}},"1":{"start":{"line":11,"column":4},"end":{"line":17,"column":5}},"2":{"start":{"line":20,"column":22},"end":{"line":22,"column":3}},"3":{"start":{"line":21,"column":4},"end":{"line":21,"column":26}},"4":{"start":{"line":24,"column":16},"end":{"line":29,"column":3}},"5":{"start":{"line":25,"column":17},"end":{"line":27,"column":6}},"6":{"start":{"line":28,"column":4},"end":{"line":28,"column":39}},"7":{"start":{"line":31,"column":19},"end":{"line":38,"column":3}},"8":{"start":{"line":32,"column":4},"end":{"line":37,"column":5}},"9":{"start":{"line":33,"column":25},"end":{"line":33,"column":76}},"10":{"start":{"line":34,"column":6},"end":{"line":36,"column":7}},"11":{"start":{"line":35,"column":8},"end":{"line":35,"column":75}},"12":{"start":{"line":40,"column":22},"end":{"line":46,"column":3}},"13":{"start":{"line":41,"column":4},"end":{"line":45,"column":5}},"14":{"start":{"line":42,"column":6},"end":{"line":42,"column":25}},"15":{"start":{"line":44,"column":8},"end":{"line":44,"column":31}},"16":{"start":{"line":48,"column":19},"end":{"line":56,"column":3}},"17":{"start":{"line":49,"column":28},"end":{"line":49,"column":38}},"18":{"start":{"line":50,"column":25},"end":{"line":50,"column":35}},"19":{"start":{"line":51,"column":4},"end":{"line":55,"column":19}},"20":{"start":{"line":58,"column":18},"end":{"line":60,"column":3}},"21":{"start":{"line":59,"column":4},"end":{"line":59,"column":49}},"22":{"start":{"line":62,"column":17},"end":{"line":81,"column":3}},"23":{"start":{"line":63,"column":37},"end":{"line":63,"column":47}},"24":{"start":{"line":64,"column":20},"end":{"line":72,"column":5}},"25":{"start":{"line":73,"column":4},"end":{"line":80,"column":5}},"26":{"start":{"line":75,"column":6},"end":{"line":75,"column":46}},"27":{"start":{"line":76,"column":6},"end":{"line":76,"column":24}},"28":{"start":{"line":77,"column":6},"end":{"line":77,"column":35}},"29":{"start":{"line":79,"column":8},"end":{"line":79,"column":86}},"30":{"start":{"line":83,"column":17},"end":{"line":88,"column":3}},"31":{"start":{"line":84,"column":4},"end":{"line":86,"column":5}},"32":{"start":{"line":85,"column":6},"end":{"line":85,"column":33}},"33":{"start":{"line":87,"column":4},"end":{"line":87,"column":35}},"34":{"start":{"line":90,"column":15},"end":{"line":98,"column":3}},"35":{"start":{"line":91,"column":4},"end":{"line":97,"column":7}},"36":{"start":{"line":101,"column":37},"end":{"line":101,"column":47}},"37":{"start":{"line":102,"column":28},"end":{"line":104,"column":19}},"38":{"start":{"line":105,"column":26},"end":{"line":105,"column":92}},"39":{"start":{"line":107,"column":4},"end":{"line":136,"column":5}},"40":{"start":{"line":115,"column":94},"end":{"line":115,"column":126}},"41":{"start":{"line":117,"column":101},"end":{"line":117,"column":138}},"42":{"start":{"line":121,"column":117},"end":{"line":121,"column":151}},"43":{"start":{"line":122,"column":70},"end":{"line":122,"column":101}},"44":{"start":{"line":133,"column":65},"end":{"line":133,"column":84}},"45":{"start":{"line":140,"column":15},"end":{"line":239,"column":2}}},"fnMap":{"0":{"name":"(anonymous_0)","decl":{"start":{"line":9,"column":2},"end":{"line":9,"column":3}},"loc":{"start":{"line":9,"column":21},"end":{"line":18,"column":3}},"line":9},"1":{"name":"(anonymous_1)","decl":{"start":{"line":20,"column":22},"end":{"line":20,"column":23}},"loc":{"start":{"line":20,"column":28},"end":{"line":22,"column":3}},"line":20},"2":{"name":"(anonymous_2)","decl":{"start":{"line":24,"column":16},"end":{"line":24,"column":17}},"loc":{"start":{"line":24,"column":28},"end":{"line":29,"column":3}},"line":24},"3":{"name":"(anonymous_3)","decl":{"start":{"line":31,"column":19},"end":{"line":31,"column":20}},"loc":{"start":{"line":31,"column":31},"end":{"line":38,"column":3}},"line":31},"4":{"name":"(anonymous_4)","decl":{"start":{"line":40,"column":22},"end":{"line":40,"column":23}},"loc":{"start":{"line":40,"column":34},"end":{"line":46,"column":3}},"line":40},"5":{"name":"(anonymous_5)","decl":{"start":{"line":48,"column":19},"end":{"line":48,"column":20}},"loc":{"start":{"line":48,"column":25},"end":{"line":56,"column":3}},"line":48},"6":{"name":"(anonymous_6)","decl":{"start":{"line":58,"column":18},"end":{"line":58,"column":19}},"loc":{"start":{"line":58,"column":24},"end":{"line":60,"column":3}},"line":58},"7":{"name":"(anonymous_7)","decl":{"start":{"line":62,"column":17},"end":{"line":62,"column":18}},"loc":{"start":{"line":62,"column":23},"end":{"line":81,"column":3}},"line":62},"8":{"name":"(anonymous_8)","decl":{"start":{"line":83,"column":17},"end":{"line":83,"column":18}},"loc":{"start":{"line":83,"column":34},"end":{"line":88,"column":3}},"line":83},"9":{"name":"(anonymous_9)","decl":{"start":{"line":90,"column":15},"end":{"line":90,"column":16}},"loc":{"start":{"line":90,"column":21},"end":{"line":98,"column":3}},"line":90},"10":{"name":"(anonymous_10)","decl":{"start":{"line":100,"column":2},"end":{"line":100,"column":3}},"loc":{"start":{"line":100,"column":11},"end":{"line":137,"column":3}},"line":100},"11":{"name":"(anonymous_11)","decl":{"start":{"line":115,"column":86},"end":{"line":115,"column":87}},"loc":{"start":{"line":115,"column":94},"end":{"line":115,"column":126}},"line":115},"12":{"name":"(anonymous_12)","decl":{"start":{"line":117,"column":92},"end":{"line":117,"column":93}},"loc":{"start":{"line":117,"column":101},"end":{"line":117,"column":138}},"line":117},"13":{"name":"(anonymous_13)","decl":{"start":{"line":121,"column":109},"end":{"line":121,"column":110}},"loc":{"start":{"line":121,"column":117},"end":{"line":121,"column":151}},"line":121},"14":{"name":"(anonymous_14)","decl":{"start":{"line":122,"column":64},"end":{"line":122,"column":65}},"loc":{"start":{"line":122,"column":70},"end":{"line":122,"column":101}},"line":122},"15":{"name":"(anonymous_15)","decl":{"start":{"line":133,"column":59},"end":{"line":133,"column":60}},"loc":{"start":{"line":133,"column":65},"end":{"line":133,"column":84}},"line":133}},"branchMap":{"0":{"loc":{"start":{"line":32,"column":4},"end":{"line":37,"column":5}},"type":"if","locations":[{"start":{"line":32,"column":4},"end":{"line":37,"column":5}},{"start":{"line":32,"column":4},"end":{"line":37,"column":5}}],"line":32},"1":{"loc":{"start":{"line":34,"column":6},"end":{"line":36,"column":7}},"type":"if","locations":[{"start":{"line":34,"column":6},"end":{"line":36,"column":7}},{"start":{"line":34,"column":6},"end":{"line":36,"column":7}}],"line":34},"2":{"loc":{"start":{"line":51,"column":11},"end":{"line":55,"column":18}},"type":"cond-expr","locations":[{"start":{"line":55,"column":6},"end":{"line":55,"column":10}},{"start":{"line":55,"column":13},"end":{"line":55,"column":18}}],"line":51},"3":{"loc":{"start":{"line":51,"column":11},"end":{"line":54,"column":19}},"type":"binary-expr","locations":[{"start":{"line":51,"column":11},"end":{"line":51,"column":31}},{"start":{"line":52,"column":6},"end":{"line":52,"column":17}},{"start":{"line":53,"column":6},"end":{"line":53,"column":18}},{"start":{"line":54,"column":6},"end":{"line":54,"column":19}}],"line":51},"4":{"loc":{"start":{"line":66,"column":18},"end":{"line":66,"column":69}},"type":"cond-expr","locations":[{"start":{"line":66,"column":45},"end":{"line":66,"column":59}},{"start":{"line":66,"column":62},"end":{"line":66,"column":69}}],"line":66},"5":{"loc":{"start":{"line":73,"column":4},"end":{"line":80,"column":5}},"type":"if","locations":[{"start":{"line":73,"column":4},"end":{"line":80,"column":5}},{"start":{"line":73,"column":4},"end":{"line":80,"column":5}}],"line":73},"6":{"loc":{"start":{"line":84,"column":4},"end":{"line":86,"column":5}},"type":"if","locations":[{"start":{"line":84,"column":4},"end":{"line":86,"column":5}},{"start":{"line":84,"column":4},"end":{"line":86,"column":5}}],"line":84},"7":{"loc":{"start":{"line":102,"column":28},"end":{"line":104,"column":19}},"type":"cond-expr","locations":[{"start":{"line":103,"column":8},"end":{"line":103,"column":22}},{"start":{"line":104,"column":8},"end":{"line":104,"column":19}}],"line":102},"8":{"loc":{"start":{"line":105,"column":26},"end":{"line":105,"column":92}},"type":"cond-expr","locations":[{"start":{"line":105,"column":58},"end":{"line":105,"column":75}},{"start":{"line":105,"column":78},"end":{"line":105,"column":92}}],"line":105},"9":{"loc":{"start":{"line":105,"column":26},"end":{"line":105,"column":55}},"type":"binary-expr","locations":[{"start":{"line":105,"column":26},"end":{"line":105,"column":38}},{"start":{"line":105,"column":42},"end":{"line":105,"column":55}}],"line":105}},"s":{"0":1,"1":1,"2":1,"3":1,"4":1,"5":0,"6":0,"7":1,"8":1,"9":0,"10":0,"11":0,"12":1,"13":0,"14":0,"15":0,"16":1,"17":0,"18":0,"19":0,"20":1,"21":0,"22":1,"23":0,"24":0,"25":0,"26":0,"27":0,"28":0,"29":0,"30":1,"31":0,"32":0,"33":0,"34":1,"35":0,"36":1,"37":1,"38":1,"39":1,"40":0,"41":0,"42":0,"43":0,"44":0,"45":1},"f":{"0":1,"1":1,"2":0,"3":1,"4":0,"5":0,"6":0,"7":0,"8":0,"9":0,"10":1,"11":0,"12":0,"13":0,"14":0,"15":0},"b":{"0":[0,1],"1":[0,0],"2":[0,0],"3":[0,0,0,0],"4":[0,0],"5":[0,0],"6":[0,0],"7":[0,1],"8":[0,1],"9":[1,0]},"_coverageSchema":"43e27e138ebf9cfc5966b082cf9a028302ed4184","hash":"a2746d0b0388ee5746a6d072c1f22a2c7b319d0d"}
,"/Users/garrettiannuzzi/tweet_311_denver_ui/src/components/Maps/Maps.js": {"path":"/Users/garrettiannuzzi/tweet_311_denver_ui/src/components/Maps/Maps.js","statementMap":{"0":{"start":{"line":7,"column":4},"end":{"line":7,"column":17}},"1":{"start":{"line":8,"column":4},"end":{"line":10,"column":5}},"2":{"start":{"line":13,"column":16},"end":{"line":22,"column":3}},"3":{"start":{"line":14,"column":4},"end":{"line":21,"column":7}},"4":{"start":{"line":24,"column":17},"end":{"line":34,"column":3}},"5":{"start":{"line":25,"column":40},"end":{"line":25,"column":50}},"6":{"start":{"line":26,"column":24},"end":{"line":26,"column":34}},"7":{"start":{"line":28,"column":23},"end":{"line":31,"column":5}},"8":{"start":{"line":32,"column":4},"end":{"line":32,"column":49}},"9":{"start":{"line":33,"column":4},"end":{"line":33,"column":32}},"10":{"start":{"line":36,"column":16},"end":{"line":47,"column":3}},"11":{"start":{"line":37,"column":24},"end":{"line":37,"column":34}},"12":{"start":{"line":39,"column":4},"end":{"line":46,"column":6}},"13":{"start":{"line":40,"column":6},"end":{"line":45,"column":18}},"14":{"start":{"line":50,"column":24},"end":{"line":50,"column":34}},"15":{"start":{"line":52,"column":4},"end":{"line":72,"column":5}},"16":{"start":{"line":68,"column":61},"end":{"line":68,"column":80}},"17":{"start":{"line":76,"column":15},"end":{"line":108,"column":2}}},"fnMap":{"0":{"name":"(anonymous_0)","decl":{"start":{"line":6,"column":2},"end":{"line":6,"column":3}},"loc":{"start":{"line":6,"column":21},"end":{"line":11,"column":3}},"line":6},"1":{"name":"(anonymous_1)","decl":{"start":{"line":13,"column":16},"end":{"line":13,"column":17}},"loc":{"start":{"line":13,"column":23},"end":{"line":22,"column":3}},"line":13},"2":{"name":"(anonymous_2)","decl":{"start":{"line":24,"column":17},"end":{"line":24,"column":18}},"loc":{"start":{"line":24,"column":23},"end":{"line":34,"column":3}},"line":24},"3":{"name":"(anonymous_3)","decl":{"start":{"line":36,"column":16},"end":{"line":36,"column":17}},"loc":{"start":{"line":36,"column":22},"end":{"line":47,"column":3}},"line":36},"4":{"name":"(anonymous_4)","decl":{"start":{"line":39,"column":23},"end":{"line":39,"column":24}},"loc":{"start":{"line":39,"column":33},"end":{"line":46,"column":5}},"line":39},"5":{"name":"(anonymous_5)","decl":{"start":{"line":49,"column":2},"end":{"line":49,"column":3}},"loc":{"start":{"line":49,"column":11},"end":{"line":73,"column":3}},"line":49},"6":{"name":"(anonymous_6)","decl":{"start":{"line":68,"column":55},"end":{"line":68,"column":56}},"loc":{"start":{"line":68,"column":61},"end":{"line":68,"column":80}},"line":68}},"branchMap":{"0":{"loc":{"start":{"line":66,"column":9},"end":{"line":66,"column":52}},"type":"cond-expr","locations":[{"start":{"line":66,"column":27},"end":{"line":66,"column":31}},{"start":{"line":66,"column":34},"end":{"line":66,"column":52}}],"line":66}},"s":{"0":1,"1":1,"2":1,"3":0,"4":1,"5":0,"6":0,"7":0,"8":0,"9":0,"10":1,"11":0,"12":0,"13":0,"14":1,"15":1,"16":0,"17":1},"f":{"0":1,"1":0,"2":0,"3":0,"4":0,"5":1,"6":0},"b":{"0":[1,0]},"_coverageSchema":"43e27e138ebf9cfc5966b082cf9a028302ed4184","hash":"1914397699c6015c8552870b325aaed7ac9a8a14"}
,"/Users/garrettiannuzzi/tweet_311_denver_ui/src/components/Success/Success.js": {"path":"/Users/garrettiannuzzi/tweet_311_denver_ui/src/components/Success/Success.js","statementMap":{"0":{"start":{"line":4,"column":23},"end":{"line":17,"column":1}},"1":{"start":{"line":6,"column":2},"end":{"line":16,"column":3}},"2":{"start":{"line":12,"column":66},"end":{"line":12,"column":93}},"3":{"start":{"line":19,"column":15},"end":{"line":66,"column":2}}},"fnMap":{"0":{"name":"(anonymous_0)","decl":{"start":{"line":4,"column":23},"end":{"line":4,"column":24}},"loc":{"start":{"line":4,"column":43},"end":{"line":17,"column":1}},"line":4},"1":{"name":"(anonymous_1)","decl":{"start":{"line":12,"column":60},"end":{"line":12,"column":61}},"loc":{"start":{"line":12,"column":66},"end":{"line":12,"column":93}},"line":12}},"branchMap":{},"s":{"0":1,"1":1,"2":0,"3":1},"f":{"0":1,"1":0},"b":{},"_coverageSchema":"43e27e138ebf9cfc5966b082cf9a028302ed4184","hash":"46d5f7f13848465ed1321306e1553368d396bf1b"}
,"/Users/garrettiannuzzi/tweet_311_denver_ui/src/components/Tweet/Tweet.js": {"path":"/Users/garrettiannuzzi/tweet_311_denver_ui/src/components/Tweet/Tweet.js","statementMap":{"0":{"start":{"line":4,"column":21},"end":{"line":30,"column":1}},"1":{"start":{"line":6,"column":19},"end":{"line":6,"column":102}},"2":{"start":{"line":7,"column":21},"end":{"line":7,"column":108}},"3":{"start":{"line":9,"column":2},"end":{"line":29,"column":3}},"4":{"start":{"line":21,"column":32},"end":{"line":21,"column":45}},"5":{"start":{"line":25,"column":69},"end":{"line":25,"column":99}},"6":{"start":{"line":32,"column":15},"end":{"line":83,"column":2}}},"fnMap":{"0":{"name":"(anonymous_0)","decl":{"start":{"line":4,"column":21},"end":{"line":4,"column":22}},"loc":{"start":{"line":4,"column":56},"end":{"line":30,"column":1}},"line":4},"1":{"name":"(anonymous_1)","decl":{"start":{"line":21,"column":24},"end":{"line":21,"column":25}},"loc":{"start":{"line":21,"column":32},"end":{"line":21,"column":45}},"line":21},"2":{"name":"(anonymous_2)","decl":{"start":{"line":25,"column":63},"end":{"line":25,"column":64}},"loc":{"start":{"line":25,"column":69},"end":{"line":25,"column":99}},"line":25}},"branchMap":{"0":{"loc":{"start":{"line":12,"column":8},"end":{"line":12,"column":36}},"type":"cond-expr","locations":[{"start":{"line":12,"column":15},"end":{"line":12,"column":25}},{"start":{"line":12,"column":28},"end":{"line":12,"column":36}}],"line":12}},"s":{"0":1,"1":1,"2":1,"3":1,"4":0,"5":0,"6":1},"f":{"0":1,"1":0,"2":0},"b":{"0":[0,1]},"_coverageSchema":"43e27e138ebf9cfc5966b082cf9a028302ed4184","hash":"6260e6dbf0fb547d819419e0456f3c1d5482b835"}
}
