{"/Users/garrettiannuzzi/tweet_311_denver_ui/assets/images/completed-task.png": {"path":"/Users/garrettiannuzzi/tweet_311_denver_ui/assets/images/completed-task.png","statementMap":{"0":{"start":{"line":1,"column":0},"end":{"line":1,"column":19}}},"fnMap":{},"branchMap":{},"s":{"0":1},"f":{},"b":{},"_coverageSchema":"43e27e138ebf9cfc5966b082cf9a028302ed4184","hash":"2830c55a2e9f308b96c02b3b189760aeda766129"}
,"/Users/garrettiannuzzi/tweet_311_denver_ui/src/components/Success/Success.js": {"path":"/Users/garrettiannuzzi/tweet_311_denver_ui/src/components/Success/Success.js","statementMap":{"0":{"start":{"line":4,"column":23},"end":{"line":17,"column":1}},"1":{"start":{"line":6,"column":2},"end":{"line":16,"column":3}},"2":{"start":{"line":12,"column":66},"end":{"line":12,"column":93}},"3":{"start":{"line":19,"column":15},"end":{"line":66,"column":2}}},"fnMap":{"0":{"name":"(anonymous_0)","decl":{"start":{"line":4,"column":23},"end":{"line":4,"column":24}},"loc":{"start":{"line":4,"column":43},"end":{"line":17,"column":1}},"line":4},"1":{"name":"(anonymous_1)","decl":{"start":{"line":12,"column":60},"end":{"line":12,"column":61}},"loc":{"start":{"line":12,"column":66},"end":{"line":12,"column":93}},"line":12}},"branchMap":{},"s":{"0":1,"1":1,"2":0,"3":1},"f":{"0":1,"1":0},"b":{},"_coverageSchema":"43e27e138ebf9cfc5966b082cf9a028302ed4184","hash":"46d5f7f13848465ed1321306e1553368d396bf1b"}
}
