TN:
SF:/Users/garrettiannuzzi/tweet_311_denver_ui/assets/images/completed-task.png
FNF:0
FNH:0
DA:1,1
LF:1
LH:1
BRF:0
BRH:0
end_of_record
TN:
SF:/Users/garrettiannuzzi/tweet_311_denver_ui/assets/images/confirm.png
FNF:0
FNH:0
DA:1,1
LF:1
LH:1
BRF:0
BRH:0
end_of_record
TN:
SF:/Users/garrettiannuzzi/tweet_311_denver_ui/assets/images/confirmTrue.png
FNF:0
FNH:0
DA:1,1
LF:1
LH:1
BRF:0
BRH:0
end_of_record
TN:
SF:/Users/garrettiannuzzi/tweet_311_denver_ui/src/components/Form/Form.js
FN:9,(anonymous_0)
FN:20,(anonymous_1)
FN:24,(anonymous_2)
FN:31,(anonymous_3)
FN:40,(anonymous_4)
FN:48,(anonymous_5)
FN:58,(anonymous_6)
FN:62,(anonymous_7)
FN:83,(anonymous_8)
FN:90,(anonymous_9)
FN:100,(anonymous_10)
FN:115,(anonymous_11)
FN:117,(anonymous_12)
FN:121,(anonymous_13)
FN:122,(anonymous_14)
FN:133,(anonymous_15)
FNF:16
FNH:4
FNDA:1,(anonymous_0)
FNDA:1,(anonymous_1)
FNDA:0,(anonymous_2)
FNDA:1,(anonymous_3)
FNDA:0,(anonymous_4)
FNDA:0,(anonymous_5)
FNDA:0,(anonymous_6)
FNDA:0,(anonymous_7)
FNDA:0,(anonymous_8)
FNDA:0,(anonymous_9)
FNDA:1,(anonymous_10)
FNDA:0,(anonymous_11)
FNDA:0,(anonymous_12)
FNDA:0,(anonymous_13)
FNDA:0,(anonymous_14)
FNDA:0,(anonymous_15)
DA:10,1
DA:11,1
DA:20,1
DA:21,1
DA:24,1
DA:25,0
DA:28,0
DA:31,1
DA:32,1
DA:33,0
DA:34,0
DA:35,0
DA:40,1
DA:41,0
DA:42,0
DA:44,0
DA:48,1
DA:49,0
DA:50,0
DA:51,0
DA:58,1
DA:59,0
DA:62,1
DA:63,0
DA:64,0
DA:73,0
DA:75,0
DA:76,0
DA:77,0
DA:79,0
DA:83,1
DA:84,0
DA:85,0
DA:87,0
DA:90,1
DA:91,0
DA:101,1
DA:102,1
DA:105,1
DA:107,1
DA:115,0
DA:117,0
DA:121,0
DA:122,0
DA:133,0
DA:140,1
LF:46
LH:18
BRDA:32,0,0,0
BRDA:32,0,1,1
BRDA:34,1,0,0
BRDA:34,1,1,0
BRDA:51,2,0,0
BRDA:51,2,1,0
BRDA:51,3,0,0
BRDA:51,3,1,0
BRDA:51,3,2,0
BRDA:51,3,3,0
BRDA:66,4,0,0
BRDA:66,4,1,0
BRDA:73,5,0,0
BRDA:73,5,1,0
BRDA:84,6,0,0
BRDA:84,6,1,0
BRDA:102,7,0,0
BRDA:102,7,1,1
BRDA:105,8,0,0
BRDA:105,8,1,1
BRDA:105,9,0,1
BRDA:105,9,1,0
BRF:22
BRH:4
end_of_record
TN:
SF:/Users/garrettiannuzzi/tweet_311_denver_ui/src/components/Maps/Maps.js
FN:6,(anonymous_0)
FN:13,(anonymous_1)
FN:24,(anonymous_2)
FN:36,(anonymous_3)
FN:39,(anonymous_4)
FN:49,(anonymous_5)
FN:68,(anonymous_6)
FNF:7
FNH:2
FNDA:1,(anonymous_0)
FNDA:0,(anonymous_1)
FNDA:0,(anonymous_2)
FNDA:0,(anonymous_3)
FNDA:0,(anonymous_4)
FNDA:1,(anonymous_5)
FNDA:0,(anonymous_6)
DA:7,1
DA:8,1
DA:13,1
DA:14,0
DA:24,1
DA:25,0
DA:26,0
DA:28,0
DA:32,0
DA:33,0
DA:36,1
DA:37,0
DA:39,0
DA:40,0
DA:50,1
DA:52,1
DA:68,0
DA:76,1
LF:18
LH:8
BRDA:66,0,0,1
BRDA:66,0,1,0
BRF:2
BRH:1
end_of_record
TN:
SF:/Users/garrettiannuzzi/tweet_311_denver_ui/src/components/Success/Success.js
FN:4,(anonymous_0)
FN:12,(anonymous_1)
FNF:2
FNH:1
FNDA:1,(anonymous_0)
FNDA:0,(anonymous_1)
DA:4,1
DA:6,1
DA:12,0
DA:19,1
LF:4
LH:3
BRF:0
BRH:0
end_of_record
TN:
SF:/Users/garrettiannuzzi/tweet_311_denver_ui/src/components/Tweet/Tweet.js
FN:4,(anonymous_0)
FN:21,(anonymous_1)
FN:25,(anonymous_2)
FNF:3
FNH:1
FNDA:1,(anonymous_0)
FNDA:0,(anonymous_1)
FNDA:0,(anonymous_2)
DA:4,1
DA:6,1
DA:7,1
DA:9,1
DA:21,0
DA:25,0
DA:32,1
LF:7
LH:5
BRDA:12,0,0,0
BRDA:12,0,1,1
BRF:2
BRH:1
end_of_record
